{"C:\\Users\\kochl\\Desktop\\IMS\\BBB\\LB 321_324\\LB\\Notizanwendung\\API\\server.js": {"path":"C:\\Users\\kochl\\Desktop\\IMS\\BBB\\LB 321_324\\LB\\Notizanwendung\\API\\server.js","statementMap":{"0":{"start":{"line":10,"column":19},"end":{"line":10,"column":49}},"1":{"start":{"line":11,"column":18},"end":{"line":11,"column":42}},"2":{"start":{"line":13,"column":0},"end":{"line":13,"column":37}},"3":{"start":{"line":15,"column":12},"end":{"line":15,"column":21}},"4":{"start":{"line":16,"column":13},"end":{"line":16,"column":17}},"5":{"start":{"line":19,"column":12},"end":{"line":19,"column":35}},"6":{"start":{"line":21,"column":0},"end":{"line":24,"column":1}},"7":{"start":{"line":22,"column":4},"end":{"line":22,"column":61}},"8":{"start":{"line":23,"column":4},"end":{"line":23,"column":20}},"9":{"start":{"line":26,"column":0},"end":{"line":26,"column":54}},"10":{"start":{"line":28,"column":15},"end":{"line":28,"column":24}},"11":{"start":{"line":29,"column":23},"end":{"line":29,"column":30}},"12":{"start":{"line":33,"column":0},"end":{"line":33,"column":16}},"13":{"start":{"line":34,"column":0},"end":{"line":34,"column":27}},"14":{"start":{"line":35,"column":0},"end":{"line":35,"column":58}},"15":{"start":{"line":38,"column":0},"end":{"line":55,"column":5}},"16":{"start":{"line":39,"column":4},"end":{"line":54,"column":5}},"17":{"start":{"line":40,"column":23},"end":{"line":43,"column":10}},"18":{"start":{"line":44,"column":8},"end":{"line":44,"column":47}},"19":{"start":{"line":45,"column":8},"end":{"line":45,"column":31}},"20":{"start":{"line":48,"column":8},"end":{"line":50,"column":11}},"21":{"start":{"line":49,"column":12},"end":{"line":49,"column":70}},"22":{"start":{"line":52,"column":8},"end":{"line":52,"column":69}},"23":{"start":{"line":53,"column":8},"end":{"line":53,"column":24}},"24":{"start":{"line":59,"column":0},"end":{"line":66,"column":3}},"25":{"start":{"line":60,"column":4},"end":{"line":65,"column":5}},"26":{"start":{"line":61,"column":22},"end":{"line":61,"column":74}},"27":{"start":{"line":62,"column":8},"end":{"line":62,"column":36}},"28":{"start":{"line":64,"column":8},"end":{"line":64,"column":55}},"29":{"start":{"line":69,"column":0},"end":{"line":82,"column":3}},"30":{"start":{"line":70,"column":15},"end":{"line":70,"column":28}},"31":{"start":{"line":71,"column":4},"end":{"line":73,"column":5}},"32":{"start":{"line":72,"column":8},"end":{"line":72,"column":61}},"33":{"start":{"line":75,"column":4},"end":{"line":81,"column":5}},"34":{"start":{"line":76,"column":21},"end":{"line":76,"column":91}},"35":{"start":{"line":77,"column":8},"end":{"line":77,"column":76}},"36":{"start":{"line":77,"column":19},"end":{"line":77,"column":76}},"37":{"start":{"line":78,"column":8},"end":{"line":78,"column":35}},"38":{"start":{"line":80,"column":8},"end":{"line":80,"column":55}},"39":{"start":{"line":85,"column":0},"end":{"line":100,"column":3}},"40":{"start":{"line":86,"column":32},"end":{"line":86,"column":40}},"41":{"start":{"line":88,"column":4},"end":{"line":90,"column":5}},"42":{"start":{"line":89,"column":8},"end":{"line":89,"column":82}},"43":{"start":{"line":92,"column":20},"end":{"line":92,"column":65}},"44":{"start":{"line":94,"column":4},"end":{"line":99,"column":5}},"45":{"start":{"line":95,"column":23},"end":{"line":95,"column":77}},"46":{"start":{"line":96,"column":8},"end":{"line":96,"column":44}},"47":{"start":{"line":98,"column":8},"end":{"line":98,"column":55}},"48":{"start":{"line":103,"column":0},"end":{"line":134,"column":3}},"49":{"start":{"line":104,"column":15},"end":{"line":104,"column":28}},"50":{"start":{"line":106,"column":4},"end":{"line":108,"column":5}},"51":{"start":{"line":107,"column":8},"end":{"line":107,"column":61}},"52":{"start":{"line":110,"column":32},"end":{"line":110,"column":40}},"53":{"start":{"line":112,"column":4},"end":{"line":114,"column":5}},"54":{"start":{"line":113,"column":8},"end":{"line":113,"column":97}},"55":{"start":{"line":116,"column":24},"end":{"line":116,"column":52}},"56":{"start":{"line":117,"column":4},"end":{"line":117,"column":41}},"57":{"start":{"line":117,"column":15},"end":{"line":117,"column":41}},"58":{"start":{"line":118,"column":4},"end":{"line":118,"column":50}},"59":{"start":{"line":118,"column":18},"end":{"line":118,"column":50}},"60":{"start":{"line":120,"column":4},"end":{"line":133,"column":5}},"61":{"start":{"line":121,"column":23},"end":{"line":124,"column":9}},"62":{"start":{"line":126,"column":8},"end":{"line":128,"column":9}},"63":{"start":{"line":127,"column":12},"end":{"line":127,"column":69}},"64":{"start":{"line":130,"column":8},"end":{"line":130,"column":58}},"65":{"start":{"line":132,"column":8},"end":{"line":132,"column":55}},"66":{"start":{"line":137,"column":0},"end":{"line":155,"column":3}},"67":{"start":{"line":138,"column":15},"end":{"line":138,"column":28}},"68":{"start":{"line":140,"column":4},"end":{"line":142,"column":5}},"69":{"start":{"line":141,"column":8},"end":{"line":141,"column":61}},"70":{"start":{"line":144,"column":4},"end":{"line":154,"column":5}},"71":{"start":{"line":145,"column":23},"end":{"line":145,"column":95}},"72":{"start":{"line":147,"column":8},"end":{"line":149,"column":9}},"73":{"start":{"line":148,"column":12},"end":{"line":148,"column":69}},"74":{"start":{"line":151,"column":8},"end":{"line":151,"column":58}},"75":{"start":{"line":153,"column":8},"end":{"line":153,"column":55}}},"fnMap":{"0":{"name":"(anonymous_0)","decl":{"start":{"line":38,"column":1},"end":{"line":38,"column":2}},"loc":{"start":{"line":38,"column":13},"end":{"line":55,"column":1}},"line":38},"1":{"name":"(anonymous_1)","decl":{"start":{"line":48,"column":25},"end":{"line":48,"column":26}},"loc":{"start":{"line":48,"column":31},"end":{"line":50,"column":9}},"line":48},"2":{"name":"(anonymous_2)","decl":{"start":{"line":59,"column":18},"end":{"line":59,"column":19}},"loc":{"start":{"line":59,"column":38},"end":{"line":66,"column":1}},"line":59},"3":{"name":"(anonymous_3)","decl":{"start":{"line":69,"column":22},"end":{"line":69,"column":23}},"loc":{"start":{"line":69,"column":42},"end":{"line":82,"column":1}},"line":69},"4":{"name":"(anonymous_4)","decl":{"start":{"line":85,"column":19},"end":{"line":85,"column":20}},"loc":{"start":{"line":85,"column":39},"end":{"line":100,"column":1}},"line":85},"5":{"name":"(anonymous_5)","decl":{"start":{"line":103,"column":22},"end":{"line":103,"column":23}},"loc":{"start":{"line":103,"column":42},"end":{"line":134,"column":1}},"line":103},"6":{"name":"(anonymous_6)","decl":{"start":{"line":137,"column":25},"end":{"line":137,"column":26}},"loc":{"start":{"line":137,"column":45},"end":{"line":155,"column":1}},"line":137}},"branchMap":{"0":{"loc":{"start":{"line":21,"column":0},"end":{"line":24,"column":1}},"type":"if","locations":[{"start":{"line":21,"column":0},"end":{"line":24,"column":1}},{"start":{},"end":{}}],"line":21},"1":{"loc":{"start":{"line":71,"column":4},"end":{"line":73,"column":5}},"type":"if","locations":[{"start":{"line":71,"column":4},"end":{"line":73,"column":5}},{"start":{},"end":{}}],"line":71},"2":{"loc":{"start":{"line":77,"column":8},"end":{"line":77,"column":76}},"type":"if","locations":[{"start":{"line":77,"column":8},"end":{"line":77,"column":76}},{"start":{},"end":{}}],"line":77},"3":{"loc":{"start":{"line":88,"column":4},"end":{"line":90,"column":5}},"type":"if","locations":[{"start":{"line":88,"column":4},"end":{"line":90,"column":5}},{"start":{},"end":{}}],"line":88},"4":{"loc":{"start":{"line":88,"column":8},"end":{"line":88,"column":27}},"type":"binary-expr","locations":[{"start":{"line":88,"column":8},"end":{"line":88,"column":14}},{"start":{"line":88,"column":18},"end":{"line":88,"column":27}}],"line":88},"5":{"loc":{"start":{"line":106,"column":4},"end":{"line":108,"column":5}},"type":"if","locations":[{"start":{"line":106,"column":4},"end":{"line":108,"column":5}},{"start":{},"end":{}}],"line":106},"6":{"loc":{"start":{"line":112,"column":4},"end":{"line":114,"column":5}},"type":"if","locations":[{"start":{"line":112,"column":4},"end":{"line":114,"column":5}},{"start":{},"end":{}}],"line":112},"7":{"loc":{"start":{"line":112,"column":8},"end":{"line":112,"column":27}},"type":"binary-expr","locations":[{"start":{"line":112,"column":8},"end":{"line":112,"column":14}},{"start":{"line":112,"column":18},"end":{"line":112,"column":27}}],"line":112},"8":{"loc":{"start":{"line":117,"column":4},"end":{"line":117,"column":41}},"type":"if","locations":[{"start":{"line":117,"column":4},"end":{"line":117,"column":41}},{"start":{},"end":{}}],"line":117},"9":{"loc":{"start":{"line":118,"column":4},"end":{"line":118,"column":50}},"type":"if","locations":[{"start":{"line":118,"column":4},"end":{"line":118,"column":50}},{"start":{},"end":{}}],"line":118},"10":{"loc":{"start":{"line":126,"column":8},"end":{"line":128,"column":9}},"type":"if","locations":[{"start":{"line":126,"column":8},"end":{"line":128,"column":9}},{"start":{},"end":{}}],"line":126},"11":{"loc":{"start":{"line":140,"column":4},"end":{"line":142,"column":5}},"type":"if","locations":[{"start":{"line":140,"column":4},"end":{"line":142,"column":5}},{"start":{},"end":{}}],"line":140},"12":{"loc":{"start":{"line":147,"column":8},"end":{"line":149,"column":9}},"type":"if","locations":[{"start":{"line":147,"column":8},"end":{"line":149,"column":9}},{"start":{},"end":{}}],"line":147}},"s":{"0":1,"1":1,"2":1,"3":1,"4":1,"5":1,"6":1,"7":0,"8":0,"9":1,"10":1,"11":1,"12":1,"13":1,"14":1,"15":1,"16":1,"17":1,"18":0,"19":0,"20":0,"21":0,"22":0,"23":0,"24":1,"25":1,"26":1,"27":0,"28":1,"29":1,"30":3,"31":3,"32":2,"33":1,"34":1,"35":0,"36":0,"37":0,"38":1,"39":1,"40":1,"41":1,"42":0,"43":1,"44":1,"45":1,"46":0,"47":1,"48":1,"49":1,"50":1,"51":1,"52":0,"53":0,"54":0,"55":0,"56":0,"57":0,"58":0,"59":0,"60":0,"61":0,"62":0,"63":0,"64":0,"65":0,"66":1,"67":1,"68":1,"69":1,"70":0,"71":0,"72":0,"73":0,"74":0,"75":0},"f":{"0":1,"1":0,"2":1,"3":3,"4":1,"5":1,"6":1},"b":{"0":[0,1],"1":[2,1],"2":[0,0],"3":[0,1],"4":[1,1],"5":[1,0],"6":[0,0],"7":[0,0],"8":[0,0],"9":[0,0],"10":[0,0],"11":[1,0],"12":[0,0]},"inputSourceMap":null,"_coverageSchema":"1a1c01bbd47fc00a2c39e90264f33305004495a9","hash":"13694f7e2cc4fc78791eda670184c6f08962a3ee"}
}
