TN:
SF:server.js
FN:38,(anonymous_0)
FN:48,(anonymous_1)
FN:59,(anonymous_2)
FN:69,(anonymous_3)
FN:85,(anonymous_4)
FN:103,(anonymous_5)
FN:137,(anonymous_6)
FNF:7
FNH:6
FNDA:1,(anonymous_0)
FNDA:0,(anonymous_1)
FNDA:1,(anonymous_2)
FNDA:3,(anonymous_3)
FNDA:1,(anonymous_4)
FNDA:1,(anonymous_5)
FNDA:1,(anonymous_6)
DA:10,1
DA:11,1
DA:13,1
DA:15,1
DA:16,1
DA:19,1
DA:21,1
DA:22,0
DA:23,0
DA:26,1
DA:28,1
DA:29,1
DA:33,1
DA:34,1
DA:35,1
DA:38,1
DA:39,1
DA:40,1
DA:44,0
DA:45,0
DA:48,0
DA:49,0
DA:52,0
DA:53,0
DA:59,1
DA:60,1
DA:61,1
DA:62,0
DA:64,1
DA:69,1
DA:70,3
DA:71,3
DA:72,2
DA:75,1
DA:76,1
DA:77,0
DA:78,0
DA:80,1
DA:85,1
DA:86,1
DA:88,1
DA:89,0
DA:92,1
DA:94,1
DA:95,1
DA:96,0
DA:98,1
DA:103,1
DA:104,1
DA:106,1
DA:107,1
DA:110,0
DA:112,0
DA:113,0
DA:116,0
DA:117,0
DA:118,0
DA:120,0
DA:121,0
DA:126,0
DA:127,0
DA:130,0
DA:132,0
DA:137,1
DA:138,1
DA:140,1
DA:141,1
DA:144,0
DA:145,0
DA:147,0
DA:148,0
DA:151,0
DA:153,0
LF:73
LH:42
BRDA:21,0,0,0
BRDA:21,0,1,1
BRDA:71,1,0,2
BRDA:71,1,1,1
BRDA:77,2,0,0
BRDA:77,2,1,0
BRDA:88,3,0,0
BRDA:88,3,1,1
BRDA:88,4,0,1
BRDA:88,4,1,1
BRDA:106,5,0,1
BRDA:106,5,1,0
BRDA:112,6,0,0
BRDA:112,6,1,0
BRDA:112,7,0,0
BRDA:112,7,1,0
BRDA:117,8,0,0
BRDA:117,8,1,0
BRDA:118,9,0,0
BRDA:118,9,1,0
BRDA:126,10,0,0
BRDA:126,10,1,0
BRDA:140,11,0,1
BRDA:140,11,1,0
BRDA:147,12,0,0
BRDA:147,12,1,0
BRF:26
BRH:8
end_of_record
